2024-01-26 08:04:56.362 [info] Added views:workbench.panel.markers.view in workbench.panel.markers
2024-01-26 08:04:56.362 [info] Added views:workbench.panel.output in workbench.panel.output
2024-01-26 08:04:56.362 [info] Added views:terminal in terminal
2024-01-26 08:04:56.362 [info] Added views:outline in workbench.view.explorer
2024-01-26 08:04:56.362 [info] Added views:workbench.scm in workbench.view.scm
2024-01-26 08:04:56.362 [info] Added views:workbench.view.search in workbench.view.search
2024-01-26 08:04:56.362 [info] Added views:timeline in workbench.view.explorer
2024-01-26 08:04:56.362 [info] Added views:workbench.explorer.emptyView in workbench.view.explorer
2024-01-26 08:04:58.443 [info] Added views:workbench.debug.variablesView,workbench.debug.watchExpressionsView,workbench.debug.callStackView,workbench.debug.breakPointsView in workbench.view.debug
2024-01-26 08:04:59.134 [info] Added views:workbench.panel.repl.view in workbench.panel.repl
2024-01-26 08:04:59.138 [info] Removed views:workbench.debug.breakPointsView,workbench.debug.callStackView,workbench.debug.watchExpressionsView,workbench.debug.variablesView from workbench.view.debug
2024-01-26 08:04:59.144 [info] Added views:workbench.debug.welcome in workbench.view.debug
2024-01-26 08:04:59.872 [info] Added views:~remote.forwardedPorts in ~remote.forwardedPortsContainer
2024-01-26 08:05:22.309 [info] Added views:workbench.panel.markers.view in workbench.panel.markers
2024-01-26 08:05:22.309 [info] Added views:workbench.panel.output in workbench.panel.output
2024-01-26 08:05:22.309 [info] Added views:terminal in terminal
2024-01-26 08:05:22.309 [info] Added views:outline in workbench.view.explorer
2024-01-26 08:05:22.309 [info] Added views:workbench.scm in workbench.view.scm
2024-01-26 08:05:22.309 [info] Added views:workbench.view.search in workbench.view.search
2024-01-26 08:05:22.309 [info] Added views:timeline in workbench.view.explorer
2024-01-26 08:05:22.309 [info] Added views:workbench.explorer.fileView in workbench.view.explorer
2024-01-26 08:05:23.844 [info] Added views:workbench.debug.variablesView,workbench.debug.watchExpressionsView,workbench.debug.callStackView,workbench.debug.breakPointsView in workbench.view.debug
2024-01-26 08:05:24.332 [info] Added views:workbench.panel.repl.view in workbench.panel.repl
2024-01-26 08:05:24.342 [info] Removed views:workbench.debug.breakPointsView,workbench.debug.callStackView,workbench.debug.watchExpressionsView,workbench.debug.variablesView from workbench.view.debug
2024-01-26 08:05:24.347 [info] Added views:workbench.debug.welcome in workbench.view.debug
2024-01-26 08:05:24.498 [info] Added views:~remote.forwardedPorts in ~remote.forwardedPortsContainer
2024-01-26 09:03:42.269 [info] Added views:workbench.views.extensions.installed,workbench.views.extensions.popular,extensions.recommendedList in workbench.view.extensions
2024-01-26 09:03:42.274 [info] Removed views:workbench.views.extensions.popular from workbench.view.extensions
2024-01-26 09:03:43.406 [info] Removed views:extensions.recommendedList,workbench.views.extensions.installed from workbench.view.extensions
2024-01-26 09:03:43.489 [info] Added views:workbench.views.extensions.marketplace in workbench.view.extensions
2024-01-26 09:04:56.943 [info] Added views:workbench.view.testing in workbench.view.extension.test
